[11/30/22 06:33:06 I] tip_parse version: 3fc06c44
[11/30/22 06:33:06 I] Ch10 file path: /home/nathan/shared/SyntheticData_EDDGE/NASA_Data/Ch10/652200111111735.ch10
[11/30/22 06:33:06 I] Output path: /home/nathan/shared/SyntheticData_EDDGE/NASA_Data/parsed/master
[11/30/22 06:33:06 I] Log directory: /home/nathan/shared/SyntheticData_EDDGE/NASA_Data/parsed/master
[11/30/22 06:33:06 I] Ch10 file size: 183.069660 MB
[11/30/22 06:33:06 I] AllocateResources: chunk size 200000000 bytes
[11/30/22 06:33:06 I] AllocateResources: using 1 threads
[11/30/22 06:33:06 I] AllocateResources: creating 1 workers
[11/30/22 06:33:06 I] TMATS output path: /home/nathan/shared/SyntheticData_EDDGE/NASA_Data/parsed/master/652200111111735_COMPUTER_GENERATED_DATA_F1.txt
[11/30/22 06:33:06 I] Time data output path: /home/nathan/shared/SyntheticData_EDDGE/NASA_Data/parsed/master/652200111111735_TIME_DATA_F1.parquet
[11/30/22 06:33:06 I] CreateCh10PacketOutputDirs: Create MILSTD1553_F1 output dir: /home/nathan/shared/SyntheticData_EDDGE/NASA_Data/parsed/master/652200111111735_MILSTD1553_F1.parquet
[11/30/22 06:33:06 I] CreateCh10PacketOutputDirs: Create ARINC429_F0 output dir: /home/nathan/shared/SyntheticData_EDDGE/NASA_Data/parsed/master/652200111111735_ARINC429_F0.parquet
[11/30/22 06:33:06 I] CreateCh10PacketOutputDirs: Create VIDEO_DATA_F0 output dir: /home/nathan/shared/SyntheticData_EDDGE/NASA_Data/parsed/master/652200111111735_VIDEO_DATA_F0.parquet
[11/30/22 06:33:06 I] CreateCh10PacketOutputDirs: Create ETHERNET_DATA_F0 output dir: /home/nathan/shared/SyntheticData_EDDGE/NASA_Data/parsed/master/652200111111735_ETHERNET_DATA_F0.parquet
[11/30/22 06:33:08 I] Ch10 hash: ae5df6768ce8d70afa6030da8c626b6778a0a145a80b84b7f9f7a328d6ee3d32
[11/30/22 06:33:08 I] Ch10 packet configuration:
[11/30/22 06:33:08 I]  ARINC429_F0:	true
[11/30/22 06:33:08 I]  ETHERNET_DATA_F0:	true
[11/30/22 06:33:08 I]  MILSTD1553_F1:	true
[11/30/22 06:33:08 I]  VIDEO_DATA_F0:	true
[11/30/22 06:33:08 D] Opening ch10 file path: Ch10/652200111111735.ch10
[11/30/22 06:33:08 D] Parse: begin parsing with workers
[11/30/22 06:33:08 D] StartThreads: Starting worker threads
[11/30/22 06:33:08 D] ActivateInitialThread: All threads NOT ACTIVE (0 active)
[11/30/22 06:33:08 D] ConfigureWorker 0: start = 0, read size = 200000000
[11/30/22 06:33:08 D] ConfigureWorker: worker 0 actual read size (183069660) not equal to requested read size (200000000)
[11/30/22 06:33:08 D] ConfigureWorker: Last worker reached EOF OK
[11/30/22 06:33:08 D] Parse: end parsing with workers
[11/30/22 06:33:08 D] StopThreads: Joining all remaining workers
[11/30/22 06:33:08 D] StopThreads: worker 0 STILL ACTIVE
[11/30/22 06:33:08 D] StopThreads: waiting for workers to complete
[11/30/22 06:33:09 D] StopThreads: worker 0 STILL ACTIVE
[11/30/22 06:33:09 D] StopThreads: waiting for workers to complete
[11/30/22 06:33:09 D] StopThreads: worker 0 STILL ACTIVE
[11/30/22 06:33:09 D] StopThreads: waiting for workers to complete
[11/30/22 06:33:09 D] StopThreads: worker 0 STILL ACTIVE
[11/30/22 06:33:09 D] StopThreads: waiting for workers to complete
[11/30/22 06:33:09 D] StopThreads: worker 0 STILL ACTIVE
[11/30/22 06:33:09 D] StopThreads: waiting for workers to complete
[11/30/22 06:33:09 D] StopThreads: worker 0 STILL ACTIVE
[11/30/22 06:33:09 D] StopThreads: waiting for workers to complete
[11/30/22 06:33:10 D] StopThreads: worker 0 STILL ACTIVE
[11/30/22 06:33:10 D] StopThreads: waiting for workers to complete
[11/30/22 06:33:10 D] StopThreads: worker 0 STILL ACTIVE
[11/30/22 06:33:10 D] StopThreads: waiting for workers to complete
[11/30/22 06:33:10 D] StopThreads: worker 0 STILL ACTIVE
[11/30/22 06:33:10 D] StopThreads: waiting for workers to complete
[11/30/22 06:33:10 D] StopThreads: worker 0 STILL ACTIVE
[11/30/22 06:33:10 D] StopThreads: waiting for workers to complete
[11/30/22 06:33:10 D] StopThreads: worker 0 STILL ACTIVE
[11/30/22 06:33:10 D] StopThreads: waiting for workers to complete
[11/30/22 06:33:11 D] StopThreads: worker 0 STILL ACTIVE
[11/30/22 06:33:11 D] StopThreads: waiting for workers to complete
[11/30/22 06:33:11 D] StopThreads: worker 0 STILL ACTIVE
[11/30/22 06:33:11 D] StopThreads: waiting for workers to complete
[11/30/22 06:33:11 D] StopThreads: worker 0 STILL ACTIVE
[11/30/22 06:33:11 D] StopThreads: waiting for workers to complete
[11/30/22 06:33:11 D] StopThreads: worker 0 STILL ACTIVE
[11/30/22 06:33:11 D] StopThreads: waiting for workers to complete
[11/30/22 06:33:11 D] StopThreads: worker 0 STILL ACTIVE
[11/30/22 06:33:11 D] StopThreads: waiting for workers to complete
[11/30/22 06:33:12 D] StopThreads: worker 0 STILL ACTIVE
[11/30/22 06:33:12 D] StopThreads: waiting for workers to complete
[11/30/22 06:33:12 D] StopThreads: worker 0 STILL ACTIVE
[11/30/22 06:33:12 D] StopThreads: waiting for workers to complete
[11/30/22 06:33:12 D] StopThreads: worker 0 STILL ACTIVE
[11/30/22 06:33:12 D] StopThreads: waiting for workers to complete
[11/30/22 06:33:12 D] StopThreads: worker 0 STILL ACTIVE
[11/30/22 06:33:12 D] StopThreads: waiting for workers to complete
[11/30/22 06:33:12 D] StopThreads: worker 0 STILL ACTIVE
[11/30/22 06:33:12 D] StopThreads: waiting for workers to complete
[11/30/22 06:33:13 D] StopThreads: worker 0 STILL ACTIVE
[11/30/22 06:33:13 D] StopThreads: waiting for workers to complete
[11/30/22 06:33:13 D] StopThreads: worker 0 STILL ACTIVE
[11/30/22 06:33:13 D] StopThreads: waiting for workers to complete
[11/30/22 06:33:13 D] StopThreads: worker 0 STILL ACTIVE
[11/30/22 06:33:13 D] StopThreads: waiting for workers to complete
[11/30/22 06:33:13 D] StopThreads: worker 0 STILL ACTIVE
[11/30/22 06:33:13 D] StopThreads: waiting for workers to complete
[11/30/22 06:33:13 D] StopThreads: worker 0 STILL ACTIVE
[11/30/22 06:33:13 D] StopThreads: waiting for workers to complete
[11/30/22 06:33:14 D] StopThreads: worker 0 STILL ACTIVE
[11/30/22 06:33:14 D] StopThreads: waiting for workers to complete
[11/30/22 06:33:14 D] StopThreads: worker 0 STILL ACTIVE
[11/30/22 06:33:14 D] StopThreads: waiting for workers to complete
[11/30/22 06:33:14 D] StopThreads: worker 0 STILL ACTIVE
[11/30/22 06:33:14 D] StopThreads: waiting for workers to complete
[11/30/22 06:33:14 D] StopThreads: worker 0 STILL ACTIVE
[11/30/22 06:33:14 D] StopThreads: waiting for workers to complete
[11/30/22 06:33:14 D] StopThreads: worker 0 STILL ACTIVE
[11/30/22 06:33:14 D] StopThreads: waiting for workers to complete
[11/30/22 06:33:15 D] StopThreads: worker 0 STILL ACTIVE
[11/30/22 06:33:15 D] StopThreads: waiting for workers to complete
[11/30/22 06:33:15 D] StopThreads: worker 0 STILL ACTIVE
[11/30/22 06:33:15 D] StopThreads: waiting for workers to complete
[11/30/22 06:33:15 D] StopThreads: worker 0 STILL ACTIVE
[11/30/22 06:33:15 D] StopThreads: waiting for workers to complete
[11/30/22 06:33:15 D] StopThreads: worker 0 STILL ACTIVE
[11/30/22 06:33:15 D] StopThreads: waiting for workers to complete
[11/30/22 06:33:15 D] StopThreads: worker 0 STILL ACTIVE
[11/30/22 06:33:15 D] StopThreads: waiting for workers to complete
[11/30/22 06:33:16 D] StopThreads: worker 0 STILL ACTIVE
[11/30/22 06:33:16 D] StopThreads: waiting for workers to complete
[11/30/22 06:33:16 D] StopThreads: worker 0 STILL ACTIVE
[11/30/22 06:33:16 D] StopThreads: waiting for workers to complete
[11/30/22 06:33:16 D] StopThreads: worker 0 STILL ACTIVE
[11/30/22 06:33:16 D] StopThreads: waiting for workers to complete
[11/30/22 06:33:16 D] StopThreads: worker 0 STILL ACTIVE
[11/30/22 06:33:16 D] StopThreads: waiting for workers to complete
[11/30/22 06:33:16 D] StopThreads: worker 0 STILL ACTIVE
[11/30/22 06:33:16 D] StopThreads: waiting for workers to complete
[11/30/22 06:33:17 D] StopThreads: worker 0 STILL ACTIVE
[11/30/22 06:33:17 D] StopThreads: waiting for workers to complete
[11/30/22 06:33:17 D] StopThreads: worker 0 STILL ACTIVE
[11/30/22 06:33:17 D] StopThreads: waiting for workers to complete
[11/30/22 06:33:17 D] StopThreads: worker 0 STILL ACTIVE
[11/30/22 06:33:17 D] StopThreads: waiting for workers to complete
[11/30/22 06:33:17 D] StopThreads: worker 0 STILL ACTIVE
[11/30/22 06:33:17 D] StopThreads: waiting for workers to complete
[11/30/22 06:33:17 D] StopThreads: worker 0 STILL ACTIVE
[11/30/22 06:33:17 D] StopThreads: waiting for workers to complete
[11/30/22 06:33:18 D] StopThreads: worker 0 STILL ACTIVE
[11/30/22 06:33:18 D] StopThreads: waiting for workers to complete
[11/30/22 06:33:18 D] StopThreads: worker 0 STILL ACTIVE
[11/30/22 06:33:18 D] StopThreads: waiting for workers to complete
[11/30/22 06:33:18 D] StopThreads: worker 0 STILL ACTIVE
[11/30/22 06:33:18 D] StopThreads: waiting for workers to complete
[11/30/22 06:33:18 D] StopThreads: worker 0 STILL ACTIVE
[11/30/22 06:33:18 D] StopThreads: waiting for workers to complete
[11/30/22 06:33:18 D] StopThreads: worker 0 STILL ACTIVE
[11/30/22 06:33:18 D] StopThreads: waiting for workers to complete
[11/30/22 06:33:19 D] StopThreads: worker 0 STILL ACTIVE
[11/30/22 06:33:19 D] StopThreads: waiting for workers to complete
[11/30/22 06:33:19 D] StopThreads: worker 0 STILL ACTIVE
[11/30/22 06:33:19 D] StopThreads: waiting for workers to complete
[11/30/22 06:33:19 D] StopThreads: worker 0 INACTIVE/COMPLETE -- joining now
[11/30/22 06:33:19 D] StopThreads: worker 0 joined
[11/30/22 06:33:19 D] StopThreads: waiting for workers to complete
[11/30/22 06:33:19 D] StopThreads: all workers joined
[11/30/22 06:33:19 I] Parsed packet types:
[11/30/22 06:33:19 I]  - COMPUTER_GENERATED_DATA_F1
[11/30/22 06:33:19 I]  - TIME_DATA_F1
[11/30/22 06:33:19 I]  - MILSTD1553_F1
[11/30/22 06:33:19 I]  - ARINC429_F0
[11/30/22 06:33:19 I] ProcessTMATS: writing TMATS to /home/nathan/shared/SyntheticData_EDDGE/NASA_Data/parsed/master/652200111111735_COMPUTER_GENERATED_DATA_F1.txt
[11/30/22 06:33:19 D] RecordMetadata: begin record metadata
[11/30/22 06:33:19 D] RecordMetadata: recording MILSTD1553_F1 metadata
[11/30/22 06:33:19 D] RecordMetadata: recording ARINC429_F0 metadata
[11/30/22 06:33:19 D] Recording Time Data
[11/30/22 06:33:19 I] Removing unused VIDEO_DATA_F0 dir: /home/nathan/shared/SyntheticData_EDDGE/NASA_Data/parsed/master/652200111111735_VIDEO_DATA_F0.parquet
[11/30/22 06:33:19 I] Removing unused ETHERNET_DATA_F0 dir: /home/nathan/shared/SyntheticData_EDDGE/NASA_Data/parsed/master/652200111111735_ETHERNET_DATA_F0.parquet
[11/30/22 06:33:19 D] RecordMetadata: complete record metadata
[11/30/22 06:33:19 I] Duration: 13.468 sec
