[11/15/22 15:49:51 D] [/home/nathan/il2_projects/tip/cpp/util/src/binbuff.cpp:44] max read size (183069660) < requested read count (200000000)
[11/15/22 15:49:51 I] [/home/nathan/il2_projects/tip/cpp/parse_ch10/src/parse_worker.cpp:16] (00) ParseWorker now active
[11/15/22 15:49:51 D] [/home/nathan/il2_projects/tip/cpp/parse_ch10/src/parse_worker.cpp:18] (00) Beginning of shift, absolute position: 0
[11/15/22 15:49:51 D] [/home/nathan/il2_projects/tip/cpp/ch10_components/src/ch10_context.cpp:451] (00) Enabling writer for MILSTD1553_F1
[11/15/22 15:49:51 D] [/home/nathan/il2_projects/tip/cpp/ch10_components/src/ch10_context.cpp:451] (00) Enabling writer for ARINC429_F0
[11/15/22 15:49:51 D] [/home/nathan/il2_projects/tip/cpp/ch10_components/src/ch10_context.cpp:451] (00) Enabling writer for VIDEO_DATA_F0
[11/15/22 15:49:51 D] [/home/nathan/il2_projects/tip/cpp/ch10_components/src/ch10_context.cpp:451] (00) Enabling writer for ETHERNET_DATA_F0
[11/15/22 15:49:52 D] [/home/nathan/il2_projects/tip/cpp/parquet_context/include/parquet_context.h:953] setting field info for dstmac
[11/15/22 15:49:52 D] [/home/nathan/il2_projects/tip/cpp/parquet_context/include/parquet_context.h:953] setting field info for srcmac
[11/15/22 15:49:52 D] [/home/nathan/il2_projects/tip/cpp/parquet_context/include/parquet_context.h:953] setting field info for dstip
[11/15/22 15:49:52 D] [/home/nathan/il2_projects/tip/cpp/parquet_context/include/parquet_context.h:953] setting field info for srcip
[11/15/22 15:49:52 D] [/home/nathan/il2_projects/tip/cpp/ch10_components/src/ch10_context.cpp:164] (00) TMATS found
[11/15/22 15:49:52 D] [/home/nathan/il2_projects/tip/cpp/ch10_components/src/ch10_context.cpp:169] (00) TDP found
[11/15/22 15:49:52 W] [/home/nathan/il2_projects/tip/cpp/ch10_components/src/ch10_packet.cpp:327] (00) No parser exists for PCM_F1
[11/15/22 15:49:52 W] [/home/nathan/il2_projects/tip/cpp/ch10_components/src/ch10_packet.cpp:327] (00) No parser exists for COMPUTER_GENERATED_DATA_F3
[11/15/22 15:49:52 I] [/home/nathan/il2_projects/tip/cpp/parquet_context/src/parquet_context.cpp:861] (00) ARINC429F0: Writing 100000 rows
[11/15/22 15:49:52 I] [/home/nathan/il2_projects/tip/cpp/parquet_context/src/parquet_context.cpp:861] (00) ARINC429F0: Writing 100000 rows
[11/15/22 15:49:52 I] [/home/nathan/il2_projects/tip/cpp/parquet_context/src/parquet_context.cpp:861] (00) ARINC429F0: Writing 100000 rows
[11/15/22 15:49:52 I] [/home/nathan/il2_projects/tip/cpp/parquet_context/src/parquet_context.cpp:861] (00) ARINC429F0: Writing 100000 rows
[11/15/22 15:49:52 I] [/home/nathan/il2_projects/tip/cpp/parquet_context/src/parquet_context.cpp:861] (00) ARINC429F0: Writing 100000 rows
[11/15/22 15:49:52 I] [/home/nathan/il2_projects/tip/cpp/parquet_context/src/parquet_context.cpp:861] (00) ARINC429F0: Writing 100000 rows
[11/15/22 15:49:52 I] [/home/nathan/il2_projects/tip/cpp/parquet_context/src/parquet_context.cpp:861] (00) ARINC429F0: Writing 100000 rows
[11/15/22 15:49:52 I] [/home/nathan/il2_projects/tip/cpp/parquet_context/src/parquet_context.cpp:861] (00) ARINC429F0: Writing 100000 rows
[11/15/22 15:49:53 I] [/home/nathan/il2_projects/tip/cpp/parquet_context/src/parquet_context.cpp:861] (00) ARINC429F0: Writing 100000 rows
[11/15/22 15:49:53 I] [/home/nathan/il2_projects/tip/cpp/parquet_context/src/parquet_context.cpp:861] (00) ARINC429F0: Writing 100000 rows
[11/15/22 15:49:53 I] [/home/nathan/il2_projects/tip/cpp/parquet_context/src/parquet_context.cpp:861] (00) ARINC429F0: Writing 100000 rows
[11/15/22 15:49:53 I] [/home/nathan/il2_projects/tip/cpp/parquet_context/src/parquet_context.cpp:861] (00) ARINC429F0: Writing 100000 rows
[11/15/22 15:49:53 I] [/home/nathan/il2_projects/tip/cpp/parquet_context/src/parquet_context.cpp:861] (00) ARINC429F0: Writing 100000 rows
[11/15/22 15:49:53 I] [/home/nathan/il2_projects/tip/cpp/parquet_context/src/parquet_context.cpp:861] (00) ARINC429F0: Writing 100000 rows
[11/15/22 15:49:53 I] [/home/nathan/il2_projects/tip/cpp/parquet_context/src/parquet_context.cpp:861] (00) ARINC429F0: Writing 100000 rows
[11/15/22 15:49:54 I] [/home/nathan/il2_projects/tip/cpp/parquet_context/src/parquet_context.cpp:861] (00) ARINC429F0: Writing 100000 rows
[11/15/22 15:49:54 I] [/home/nathan/il2_projects/tip/cpp/parquet_context/src/parquet_context.cpp:861] (00) ARINC429F0: Writing 100000 rows
[11/15/22 15:49:54 I] [/home/nathan/il2_projects/tip/cpp/parquet_context/src/parquet_context.cpp:861] (00) ARINC429F0: Writing 100000 rows
[11/15/22 15:49:54 I] [/home/nathan/il2_projects/tip/cpp/parquet_context/src/parquet_context.cpp:861] (00) ARINC429F0: Writing 100000 rows
[11/15/22 15:49:54 I] [/home/nathan/il2_projects/tip/cpp/parquet_context/src/parquet_context.cpp:861] (00) ARINC429F0: Writing 100000 rows
[11/15/22 15:49:54 I] [/home/nathan/il2_projects/tip/cpp/parquet_context/src/parquet_context.cpp:861] (00) ARINC429F0: Writing 100000 rows
[11/15/22 15:49:54 I] [/home/nathan/il2_projects/tip/cpp/parquet_context/src/parquet_context.cpp:861] (00) ARINC429F0: Writing 100000 rows
[11/15/22 15:49:54 I] [/home/nathan/il2_projects/tip/cpp/parquet_context/src/parquet_context.cpp:861] (00) ARINC429F0: Writing 100000 rows
[11/15/22 15:49:54 I] [/home/nathan/il2_projects/tip/cpp/parquet_context/src/parquet_context.cpp:861] (00) ARINC429F0: Writing 100000 rows
[11/15/22 15:49:55 I] [/home/nathan/il2_projects/tip/cpp/parquet_context/src/parquet_context.cpp:861] (00) ARINC429F0: Writing 100000 rows
[11/15/22 15:49:55 I] [/home/nathan/il2_projects/tip/cpp/parquet_context/src/parquet_context.cpp:861] (00) ARINC429F0: Writing 100000 rows
[11/15/22 15:49:55 I] [/home/nathan/il2_projects/tip/cpp/parquet_context/src/parquet_context.cpp:861] (00) ARINC429F0: Writing 100000 rows
[11/15/22 15:49:55 I] [/home/nathan/il2_projects/tip/cpp/parquet_context/src/parquet_context.cpp:861] (00) ARINC429F0: Writing 100000 rows
[11/15/22 15:49:55 I] [/home/nathan/il2_projects/tip/cpp/parquet_context/src/parquet_context.cpp:861] (00) ARINC429F0: Writing 100000 rows
[11/15/22 15:49:55 I] [/home/nathan/il2_projects/tip/cpp/parquet_context/src/parquet_context.cpp:861] (00) ARINC429F0: Writing 100000 rows
[11/15/22 15:49:55 I] [/home/nathan/il2_projects/tip/cpp/parquet_context/src/parquet_context.cpp:861] (00) ARINC429F0: Writing 100000 rows
[11/15/22 15:49:55 I] [/home/nathan/il2_projects/tip/cpp/parquet_context/src/parquet_context.cpp:861] (00) ARINC429F0: Writing 100000 rows
[11/15/22 15:49:55 I] [/home/nathan/il2_projects/tip/cpp/parquet_context/src/parquet_context.cpp:861] (00) ARINC429F0: Writing 100000 rows
[11/15/22 15:49:56 I] [/home/nathan/il2_projects/tip/cpp/parquet_context/src/parquet_context.cpp:861] (00) ARINC429F0: Writing 100000 rows
[11/15/22 15:49:56 I] [/home/nathan/il2_projects/tip/cpp/parquet_context/src/parquet_context.cpp:861] (00) ARINC429F0: Writing 100000 rows
[11/15/22 15:49:56 I] [/home/nathan/il2_projects/tip/cpp/parquet_context/src/parquet_context.cpp:861] (00) ARINC429F0: Writing 100000 rows
[11/15/22 15:49:56 I] [/home/nathan/il2_projects/tip/cpp/parquet_context/src/parquet_context.cpp:861] (00) ARINC429F0: Writing 100000 rows
[11/15/22 15:49:56 I] [/home/nathan/il2_projects/tip/cpp/parquet_context/src/parquet_context.cpp:861] (00) ARINC429F0: Writing 100000 rows
[11/15/22 15:49:56 I] [/home/nathan/il2_projects/tip/cpp/parquet_context/src/parquet_context.cpp:861] (00) ARINC429F0: Writing 100000 rows
[11/15/22 15:49:56 I] [/home/nathan/il2_projects/tip/cpp/parquet_context/src/parquet_context.cpp:861] (00) ARINC429F0: Writing 100000 rows
[11/15/22 15:49:56 I] [/home/nathan/il2_projects/tip/cpp/parquet_context/src/parquet_context.cpp:861] (00) ARINC429F0: Writing 100000 rows
[11/15/22 15:49:56 I] [/home/nathan/il2_projects/tip/cpp/parquet_context/src/parquet_context.cpp:861] (00) ARINC429F0: Writing 100000 rows
[11/15/22 15:49:57 I] [/home/nathan/il2_projects/tip/cpp/parquet_context/src/parquet_context.cpp:861] (00) ARINC429F0: Writing 100000 rows
[11/15/22 15:49:57 I] [/home/nathan/il2_projects/tip/cpp/parquet_context/src/parquet_context.cpp:861] (00) ARINC429F0: Writing 100000 rows
[11/15/22 15:49:57 I] [/home/nathan/il2_projects/tip/cpp/parquet_context/src/parquet_context.cpp:861] (00) ARINC429F0: Writing 100000 rows
[11/15/22 15:49:57 I] [/home/nathan/il2_projects/tip/cpp/parquet_context/src/parquet_context.cpp:861] (00) ARINC429F0: Writing 100000 rows
[11/15/22 15:49:57 I] [/home/nathan/il2_projects/tip/cpp/parquet_context/src/parquet_context.cpp:861] (00) ARINC429F0: Writing 100000 rows
[11/15/22 15:49:57 I] [/home/nathan/il2_projects/tip/cpp/parquet_context/src/parquet_context.cpp:861] (00) ARINC429F0: Writing 100000 rows
[11/15/22 15:49:57 I] [/home/nathan/il2_projects/tip/cpp/parquet_context/src/parquet_context.cpp:861] (00) ARINC429F0: Writing 100000 rows
[11/15/22 15:49:57 I] [/home/nathan/il2_projects/tip/cpp/parquet_context/src/parquet_context.cpp:861] (00) ARINC429F0: Writing 100000 rows
[11/15/22 15:49:58 I] [/home/nathan/il2_projects/tip/cpp/parquet_context/src/parquet_context.cpp:861] (00) ARINC429F0: Writing 100000 rows
[11/15/22 15:49:58 I] [/home/nathan/il2_projects/tip/cpp/parquet_context/src/parquet_context.cpp:861] (00) ARINC429F0: Writing 100000 rows
[11/15/22 15:49:58 I] [/home/nathan/il2_projects/tip/cpp/parquet_context/src/parquet_context.cpp:861] (00) ARINC429F0: Writing 100000 rows
[11/15/22 15:49:58 I] [/home/nathan/il2_projects/tip/cpp/parquet_context/src/parquet_context.cpp:861] (00) ARINC429F0: Writing 100000 rows
[11/15/22 15:49:58 I] [/home/nathan/il2_projects/tip/cpp/parquet_context/src/parquet_context.cpp:861] (00) ARINC429F0: Writing 100000 rows
[11/15/22 15:49:58 I] [/home/nathan/il2_projects/tip/cpp/parquet_context/src/parquet_context.cpp:861] (00) MilStd1553F1: Writing 100000 rows
[11/15/22 15:49:59 I] [/home/nathan/il2_projects/tip/cpp/parquet_context/src/parquet_context.cpp:861] (00) ARINC429F0: Writing 100000 rows
[11/15/22 15:49:59 I] [/home/nathan/il2_projects/tip/cpp/parquet_context/src/parquet_context.cpp:861] (00) ARINC429F0: Writing 100000 rows
[11/15/22 15:49:59 I] [/home/nathan/il2_projects/tip/cpp/parquet_context/src/parquet_context.cpp:861] (00) ARINC429F0: Writing 100000 rows
[11/15/22 15:49:59 I] [/home/nathan/il2_projects/tip/cpp/parquet_context/src/parquet_context.cpp:861] (00) ARINC429F0: Writing 100000 rows
[11/15/22 15:49:59 I] [/home/nathan/il2_projects/tip/cpp/parquet_context/src/parquet_context.cpp:861] (00) ARINC429F0: Writing 100000 rows
[11/15/22 15:49:59 I] [/home/nathan/il2_projects/tip/cpp/parquet_context/src/parquet_context.cpp:861] (00) ARINC429F0: Writing 100000 rows
[11/15/22 15:49:59 I] [/home/nathan/il2_projects/tip/cpp/parquet_context/src/parquet_context.cpp:861] (00) ARINC429F0: Writing 100000 rows
[11/15/22 15:50:00 I] [/home/nathan/il2_projects/tip/cpp/parquet_context/src/parquet_context.cpp:861] (00) ARINC429F0: Writing 100000 rows
[11/15/22 15:50:00 I] [/home/nathan/il2_projects/tip/cpp/parquet_context/src/parquet_context.cpp:861] (00) ARINC429F0: Writing 100000 rows
[11/15/22 15:50:00 I] [/home/nathan/il2_projects/tip/cpp/parquet_context/src/parquet_context.cpp:861] (00) ARINC429F0: Writing 100000 rows
[11/15/22 15:50:00 I] [/home/nathan/il2_projects/tip/cpp/parquet_context/src/parquet_context.cpp:861] (00) ARINC429F0: Writing 100000 rows
[11/15/22 15:50:00 I] [/home/nathan/il2_projects/tip/cpp/parquet_context/src/parquet_context.cpp:861] (00) ARINC429F0: Writing 100000 rows
[11/15/22 15:50:00 I] [/home/nathan/il2_projects/tip/cpp/parquet_context/src/parquet_context.cpp:861] (00) ARINC429F0: Writing 100000 rows
[11/15/22 15:50:00 I] [/home/nathan/il2_projects/tip/cpp/parquet_context/src/parquet_context.cpp:861] (00) ARINC429F0: Writing 100000 rows
[11/15/22 15:50:00 I] [/home/nathan/il2_projects/tip/cpp/parquet_context/src/parquet_context.cpp:861] (00) ARINC429F0: Writing 100000 rows
[11/15/22 15:50:00 I] [/home/nathan/il2_projects/tip/cpp/parquet_context/src/parquet_context.cpp:861] (00) ARINC429F0: Writing 100000 rows
[11/15/22 15:50:00 I] [/home/nathan/il2_projects/tip/cpp/parquet_context/src/parquet_context.cpp:861] (00) ARINC429F0: Writing 100000 rows
[11/15/22 15:50:01 I] [/home/nathan/il2_projects/tip/cpp/parquet_context/src/parquet_context.cpp:861] (00) ARINC429F0: Writing 100000 rows
[11/15/22 15:50:01 I] [/home/nathan/il2_projects/tip/cpp/parquet_context/src/parquet_context.cpp:861] (00) ARINC429F0: Writing 100000 rows
[11/15/22 15:50:01 I] [/home/nathan/il2_projects/tip/cpp/parquet_context/src/parquet_context.cpp:861] (00) ARINC429F0: Writing 100000 rows
[11/15/22 15:50:01 I] [/home/nathan/il2_projects/tip/cpp/parquet_context/src/parquet_context.cpp:861] (00) ARINC429F0: Writing 100000 rows
[11/15/22 15:50:01 I] [/home/nathan/il2_projects/tip/cpp/parquet_context/src/parquet_context.cpp:861] (00) ARINC429F0: Writing 100000 rows
[11/15/22 15:50:01 I] [/home/nathan/il2_projects/tip/cpp/parquet_context/src/parquet_context.cpp:861] (00) ARINC429F0: Writing 100000 rows
[11/15/22 15:50:01 I] [/home/nathan/il2_projects/tip/cpp/parquet_context/src/parquet_context.cpp:861] (00) ARINC429F0: Writing 100000 rows
[11/15/22 15:50:01 I] [/home/nathan/il2_projects/tip/cpp/parquet_context/src/parquet_context.cpp:861] (00) ARINC429F0: Writing 100000 rows
[11/15/22 15:50:02 I] [/home/nathan/il2_projects/tip/cpp/parquet_context/src/parquet_context.cpp:861] (00) ARINC429F0: Writing 100000 rows
[11/15/22 15:50:02 I] [/home/nathan/il2_projects/tip/cpp/parquet_context/src/parquet_context.cpp:861] (00) ARINC429F0: Writing 100000 rows
[11/15/22 15:50:02 I] [/home/nathan/il2_projects/tip/cpp/parquet_context/src/parquet_context.cpp:861] (00) ARINC429F0: Writing 100000 rows
[11/15/22 15:50:02 I] [/home/nathan/il2_projects/tip/cpp/parquet_context/src/parquet_context.cpp:861] (00) ARINC429F0: Writing 100000 rows
[11/15/22 15:50:02 I] [/home/nathan/il2_projects/tip/cpp/parquet_context/src/parquet_context.cpp:861] (00) ARINC429F0: Writing 100000 rows
[11/15/22 15:50:02 I] [/home/nathan/il2_projects/tip/cpp/parquet_context/src/parquet_context.cpp:861] (00) ARINC429F0: Writing 100000 rows
[11/15/22 15:50:02 I] [/home/nathan/il2_projects/tip/cpp/parquet_context/src/parquet_context.cpp:861] (00) ARINC429F0: Writing 100000 rows
[11/15/22 15:50:02 I] [/home/nathan/il2_projects/tip/cpp/parquet_context/src/parquet_context.cpp:861] (00) ARINC429F0: Writing 100000 rows
[11/15/22 15:50:03 I] [/home/nathan/il2_projects/tip/cpp/parquet_context/src/parquet_context.cpp:861] (00) ARINC429F0: Writing 100000 rows
[11/15/22 15:50:03 I] [/home/nathan/il2_projects/tip/cpp/parquet_context/src/parquet_context.cpp:861] (00) ARINC429F0: Writing 100000 rows
[11/15/22 15:50:03 I] [/home/nathan/il2_projects/tip/cpp/parquet_context/src/parquet_context.cpp:861] (00) ARINC429F0: Writing 100000 rows
[11/15/22 15:50:03 I] [/home/nathan/il2_projects/tip/cpp/parquet_context/src/parquet_context.cpp:861] (00) ARINC429F0: Writing 100000 rows
[11/15/22 15:50:03 I] [/home/nathan/il2_projects/tip/cpp/parquet_context/src/parquet_context.cpp:861] (00) ARINC429F0: Writing 100000 rows
[11/15/22 15:50:03 I] [/home/nathan/il2_projects/tip/cpp/parquet_context/src/parquet_context.cpp:861] (00) ARINC429F0: Writing 100000 rows
[11/15/22 15:50:03 I] [/home/nathan/il2_projects/tip/cpp/parquet_context/src/parquet_context.cpp:861] (00) ARINC429F0: Writing 100000 rows
[11/15/22 15:50:03 I] [/home/nathan/il2_projects/tip/cpp/parquet_context/src/parquet_context.cpp:861] (00) ARINC429F0: Writing 100000 rows
[11/15/22 15:50:04 I] [/home/nathan/il2_projects/tip/cpp/parquet_context/src/parquet_context.cpp:861] (00) ARINC429F0: Writing 100000 rows
[11/15/22 15:50:04 I] [/home/nathan/il2_projects/tip/cpp/parquet_context/src/parquet_context.cpp:861] (00) ARINC429F0: Writing 100000 rows
[11/15/22 15:50:04 I] [/home/nathan/il2_projects/tip/cpp/parquet_context/src/parquet_context.cpp:861] (00) ARINC429F0: Writing 100000 rows
[11/15/22 15:50:04 I] [/home/nathan/il2_projects/tip/cpp/parquet_context/src/parquet_context.cpp:861] (00) ARINC429F0: Writing 100000 rows
[11/15/22 15:50:04 D] [/home/nathan/il2_projects/tip/cpp/util/src/binbuff.cpp:93] pos (183069600) + count (60) > 183069659
[11/15/22 15:50:04 D] [/home/nathan/il2_projects/tip/cpp/parse_ch10/src/parse_worker.cpp:43] (00) Closing file writers
[11/15/22 15:50:04 I] [/home/nathan/il2_projects/tip/cpp/parquet_context/src/parquet_context.cpp:80] (00) EthernetF0, Empty file: Zero rows written
[11/15/22 15:50:04 I] [/home/nathan/il2_projects/tip/cpp/parquet_context/src/parquet_context.cpp:85] (00) EthernetF0, Automatic deletion enabled, deleting /home/nathan/shared/SyntheticData_EDDGE/NASA_Data/parsed/652200111111735_ETHERNET_DATA_F0.parquet/000.parquet
[11/15/22 15:50:04 I] [/home/nathan/il2_projects/tip/cpp/parquet_context/src/parquet_context.cpp:934] (00) ARINC429F0, Writing 7060 rows
[11/15/22 15:50:04 D] [/home/nathan/il2_projects/tip/cpp/parquet_context/src/parquet_context.cpp:939] (00) ARINC429F0, 1 row groups
[11/15/22 15:50:04 D] [/home/nathan/il2_projects/tip/cpp/parquet_context/src/parquet_context.cpp:945] (00) ARINC429F0, WriteColumns(count = 7060, offset = 0)
[11/15/22 15:50:04 I] [/home/nathan/il2_projects/tip/cpp/parquet_context/src/parquet_context.cpp:80] (00) VideoDataF0, Empty file: Zero rows written
[11/15/22 15:50:04 I] [/home/nathan/il2_projects/tip/cpp/parquet_context/src/parquet_context.cpp:85] (00) VideoDataF0, Automatic deletion enabled, deleting /home/nathan/shared/SyntheticData_EDDGE/NASA_Data/parsed/652200111111735_VIDEO_DATA_F0.parquet/000.parquet
[11/15/22 15:50:04 I] [/home/nathan/il2_projects/tip/cpp/parquet_context/src/parquet_context.cpp:934] (00) MilStd1553F1, Writing 78697 rows
[11/15/22 15:50:04 D] [/home/nathan/il2_projects/tip/cpp/parquet_context/src/parquet_context.cpp:939] (00) MilStd1553F1, 8 row groups
[11/15/22 15:50:04 D] [/home/nathan/il2_projects/tip/cpp/parquet_context/src/parquet_context.cpp:959] (00) MilStd1553F1, WriteColumns(count = 10000, offset = 0)
[11/15/22 15:50:04 D] [/home/nathan/il2_projects/tip/cpp/parquet_context/src/parquet_context.cpp:959] (00) MilStd1553F1, WriteColumns(count = 10000, offset = 10000)
[11/15/22 15:50:04 D] [/home/nathan/il2_projects/tip/cpp/parquet_context/src/parquet_context.cpp:959] (00) MilStd1553F1, WriteColumns(count = 10000, offset = 20000)
[11/15/22 15:50:04 D] [/home/nathan/il2_projects/tip/cpp/parquet_context/src/parquet_context.cpp:959] (00) MilStd1553F1, WriteColumns(count = 10000, offset = 30000)
[11/15/22 15:50:04 D] [/home/nathan/il2_projects/tip/cpp/parquet_context/src/parquet_context.cpp:959] (00) MilStd1553F1, WriteColumns(count = 10000, offset = 40000)
[11/15/22 15:50:04 D] [/home/nathan/il2_projects/tip/cpp/parquet_context/src/parquet_context.cpp:959] (00) MilStd1553F1, WriteColumns(count = 10000, offset = 50000)
[11/15/22 15:50:05 D] [/home/nathan/il2_projects/tip/cpp/parquet_context/src/parquet_context.cpp:959] (00) MilStd1553F1, WriteColumns(count = 10000, offset = 60000)
[11/15/22 15:50:05 D] [/home/nathan/il2_projects/tip/cpp/parquet_context/src/parquet_context.cpp:945] (00) MilStd1553F1, WriteColumns(count = 8697, offset = 70000)
[11/15/22 15:50:05 I] [/home/nathan/il2_projects/tip/cpp/parse_ch10/src/parse_worker.cpp:47] (00) End of worker's shift
[11/15/22 15:50:05 D] [/home/nathan/il2_projects/tip/cpp/parse_ch10/src/parse_worker.cpp:48] (00) End of shift, absolute position: 183069600
[11/15/22 15:50:05 I] [/home/nathan/il2_projects/tip/cpp/parquet_context/src/parquet_context.cpp:861] (00) TIME_DATA_F1: Writing 1000 rows
[11/15/22 15:50:05 I] [/home/nathan/il2_projects/tip/cpp/parquet_context/src/parquet_context.cpp:861] (00) TIME_DATA_F1: Writing 1000 rows
[11/15/22 15:50:05 I] [/home/nathan/il2_projects/tip/cpp/parquet_context/src/parquet_context.cpp:861] (00) TIME_DATA_F1: Writing 1000 rows
[11/15/22 15:50:05 I] [/home/nathan/il2_projects/tip/cpp/parquet_context/src/parquet_context.cpp:861] (00) TIME_DATA_F1: Writing 1000 rows
[11/15/22 15:50:05 I] [/home/nathan/il2_projects/tip/cpp/parquet_context/src/parquet_context.cpp:861] (00) TIME_DATA_F1: Writing 1000 rows
[11/15/22 15:50:05 I] [/home/nathan/il2_projects/tip/cpp/parquet_context/src/parquet_context.cpp:861] (00) TIME_DATA_F1: Writing 1000 rows
[11/15/22 15:50:05 I] [/home/nathan/il2_projects/tip/cpp/parquet_context/src/parquet_context.cpp:861] (00) TIME_DATA_F1: Writing 1000 rows
[11/15/22 15:50:05 I] [/home/nathan/il2_projects/tip/cpp/parquet_context/src/parquet_context.cpp:934] (00) TIME_DATA_F1, Writing 148 rows
[11/15/22 15:50:05 D] [/home/nathan/il2_projects/tip/cpp/parquet_context/src/parquet_context.cpp:939] (00) TIME_DATA_F1, 1 row groups
[11/15/22 15:50:05 D] [/home/nathan/il2_projects/tip/cpp/parquet_context/src/parquet_context.cpp:945] (00) TIME_DATA_F1, WriteColumns(count = 148, offset = 0)
[11/21/22 14:54:16 D] [/home/nathan/il2_projects/tip/cpp/util/src/managed_path.cpp:150] Directory already exists - /home/nathan/shared/SyntheticData_EDDGE/NASA_Data/parsed/652200111111735_MILSTD1553_F1.parquet
[11/21/22 14:54:16 D] [/home/nathan/il2_projects/tip/cpp/util/src/managed_path.cpp:150] Directory already exists - /home/nathan/shared/SyntheticData_EDDGE/NASA_Data/parsed/652200111111735_ARINC429_F0.parquet
[11/21/22 14:54:18 D] [/home/nathan/il2_projects/tip/cpp/util/src/binbuff.cpp:44] max read size (183069660) < requested read count (200000000)
[11/21/22 14:54:18 I] [/home/nathan/il2_projects/tip/cpp/parse_ch10/src/parse_worker.cpp:16] (00) ParseWorker now active
[11/21/22 14:54:18 D] [/home/nathan/il2_projects/tip/cpp/parse_ch10/src/parse_worker.cpp:18] (00) Beginning of shift, absolute position: 0
[11/21/22 14:54:18 D] [/home/nathan/il2_projects/tip/cpp/ch10_components/src/ch10_context.cpp:451] (00) Enabling writer for MILSTD1553_F1
[11/21/22 14:54:18 D] [/home/nathan/il2_projects/tip/cpp/ch10_components/src/ch10_context.cpp:451] (00) Enabling writer for ARINC429_F0
[11/21/22 14:54:18 D] [/home/nathan/il2_projects/tip/cpp/ch10_components/src/ch10_context.cpp:451] (00) Enabling writer for VIDEO_DATA_F0
[11/21/22 14:54:18 D] [/home/nathan/il2_projects/tip/cpp/ch10_components/src/ch10_context.cpp:451] (00) Enabling writer for ETHERNET_DATA_F0
[11/21/22 14:54:18 D] [/home/nathan/il2_projects/tip/cpp/parquet_context/include/parquet_context.h:953] setting field info for dstmac
[11/21/22 14:54:18 D] [/home/nathan/il2_projects/tip/cpp/parquet_context/include/parquet_context.h:953] setting field info for srcmac
[11/21/22 14:54:18 D] [/home/nathan/il2_projects/tip/cpp/parquet_context/include/parquet_context.h:953] setting field info for dstip
[11/21/22 14:54:18 D] [/home/nathan/il2_projects/tip/cpp/parquet_context/include/parquet_context.h:953] setting field info for srcip
[11/21/22 14:54:18 D] [/home/nathan/il2_projects/tip/cpp/ch10_components/src/ch10_context.cpp:164] (00) TMATS found
[11/21/22 14:54:18 D] [/home/nathan/il2_projects/tip/cpp/ch10_components/src/ch10_context.cpp:169] (00) TDP found
[11/21/22 14:54:18 W] [/home/nathan/il2_projects/tip/cpp/ch10_components/src/ch10_packet.cpp:327] (00) No parser exists for PCM_F1
[11/21/22 14:54:18 W] [/home/nathan/il2_projects/tip/cpp/ch10_components/src/ch10_packet.cpp:327] (00) No parser exists for COMPUTER_GENERATED_DATA_F3
[11/21/22 14:54:18 I] [/home/nathan/il2_projects/tip/cpp/parquet_context/src/parquet_context.cpp:861] (00) ARINC429F0: Writing 100000 rows
[11/21/22 14:54:18 I] [/home/nathan/il2_projects/tip/cpp/parquet_context/src/parquet_context.cpp:861] (00) ARINC429F0: Writing 100000 rows
[11/21/22 14:54:18 I] [/home/nathan/il2_projects/tip/cpp/parquet_context/src/parquet_context.cpp:861] (00) ARINC429F0: Writing 100000 rows
[11/21/22 14:54:18 I] [/home/nathan/il2_projects/tip/cpp/parquet_context/src/parquet_context.cpp:861] (00) ARINC429F0: Writing 100000 rows
[11/21/22 14:54:19 I] [/home/nathan/il2_projects/tip/cpp/parquet_context/src/parquet_context.cpp:861] (00) ARINC429F0: Writing 100000 rows
[11/21/22 14:54:19 I] [/home/nathan/il2_projects/tip/cpp/parquet_context/src/parquet_context.cpp:861] (00) ARINC429F0: Writing 100000 rows
[11/21/22 14:54:19 I] [/home/nathan/il2_projects/tip/cpp/parquet_context/src/parquet_context.cpp:861] (00) ARINC429F0: Writing 100000 rows
[11/21/22 14:54:19 I] [/home/nathan/il2_projects/tip/cpp/parquet_context/src/parquet_context.cpp:861] (00) ARINC429F0: Writing 100000 rows
[11/21/22 14:54:19 I] [/home/nathan/il2_projects/tip/cpp/parquet_context/src/parquet_context.cpp:861] (00) ARINC429F0: Writing 100000 rows
[11/21/22 14:54:19 I] [/home/nathan/il2_projects/tip/cpp/parquet_context/src/parquet_context.cpp:861] (00) ARINC429F0: Writing 100000 rows
[11/21/22 14:54:19 I] [/home/nathan/il2_projects/tip/cpp/parquet_context/src/parquet_context.cpp:861] (00) ARINC429F0: Writing 100000 rows
[11/21/22 14:54:19 I] [/home/nathan/il2_projects/tip/cpp/parquet_context/src/parquet_context.cpp:861] (00) ARINC429F0: Writing 100000 rows
[11/21/22 14:54:19 I] [/home/nathan/il2_projects/tip/cpp/parquet_context/src/parquet_context.cpp:861] (00) ARINC429F0: Writing 100000 rows
[11/21/22 14:54:19 I] [/home/nathan/il2_projects/tip/cpp/parquet_context/src/parquet_context.cpp:861] (00) ARINC429F0: Writing 100000 rows
[11/21/22 14:54:20 I] [/home/nathan/il2_projects/tip/cpp/parquet_context/src/parquet_context.cpp:861] (00) ARINC429F0: Writing 100000 rows
[11/21/22 14:54:20 I] [/home/nathan/il2_projects/tip/cpp/parquet_context/src/parquet_context.cpp:861] (00) ARINC429F0: Writing 100000 rows
[11/21/22 14:54:20 I] [/home/nathan/il2_projects/tip/cpp/parquet_context/src/parquet_context.cpp:861] (00) ARINC429F0: Writing 100000 rows
[11/21/22 14:54:20 I] [/home/nathan/il2_projects/tip/cpp/parquet_context/src/parquet_context.cpp:861] (00) ARINC429F0: Writing 100000 rows
[11/21/22 14:54:20 I] [/home/nathan/il2_projects/tip/cpp/parquet_context/src/parquet_context.cpp:861] (00) ARINC429F0: Writing 100000 rows
[11/21/22 14:54:20 I] [/home/nathan/il2_projects/tip/cpp/parquet_context/src/parquet_context.cpp:861] (00) ARINC429F0: Writing 100000 rows
[11/21/22 14:54:20 I] [/home/nathan/il2_projects/tip/cpp/parquet_context/src/parquet_context.cpp:861] (00) ARINC429F0: Writing 100000 rows
[11/21/22 14:54:20 I] [/home/nathan/il2_projects/tip/cpp/parquet_context/src/parquet_context.cpp:861] (00) ARINC429F0: Writing 100000 rows
[11/21/22 14:54:20 I] [/home/nathan/il2_projects/tip/cpp/parquet_context/src/parquet_context.cpp:861] (00) ARINC429F0: Writing 100000 rows
[11/21/22 14:54:20 I] [/home/nathan/il2_projects/tip/cpp/parquet_context/src/parquet_context.cpp:861] (00) ARINC429F0: Writing 100000 rows
[11/21/22 14:54:20 I] [/home/nathan/il2_projects/tip/cpp/parquet_context/src/parquet_context.cpp:861] (00) ARINC429F0: Writing 100000 rows
[11/21/22 14:54:20 I] [/home/nathan/il2_projects/tip/cpp/parquet_context/src/parquet_context.cpp:861] (00) ARINC429F0: Writing 100000 rows
[11/21/22 14:54:21 I] [/home/nathan/il2_projects/tip/cpp/parquet_context/src/parquet_context.cpp:861] (00) ARINC429F0: Writing 100000 rows
[11/21/22 14:54:21 I] [/home/nathan/il2_projects/tip/cpp/parquet_context/src/parquet_context.cpp:861] (00) ARINC429F0: Writing 100000 rows
[11/21/22 14:54:21 I] [/home/nathan/il2_projects/tip/cpp/parquet_context/src/parquet_context.cpp:861] (00) ARINC429F0: Writing 100000 rows
[11/21/22 14:54:21 I] [/home/nathan/il2_projects/tip/cpp/parquet_context/src/parquet_context.cpp:861] (00) ARINC429F0: Writing 100000 rows
[11/21/22 14:54:21 I] [/home/nathan/il2_projects/tip/cpp/parquet_context/src/parquet_context.cpp:861] (00) ARINC429F0: Writing 100000 rows
[11/21/22 14:54:21 I] [/home/nathan/il2_projects/tip/cpp/parquet_context/src/parquet_context.cpp:861] (00) ARINC429F0: Writing 100000 rows
[11/21/22 14:54:21 I] [/home/nathan/il2_projects/tip/cpp/parquet_context/src/parquet_context.cpp:861] (00) ARINC429F0: Writing 100000 rows
[11/21/22 14:54:21 I] [/home/nathan/il2_projects/tip/cpp/parquet_context/src/parquet_context.cpp:861] (00) ARINC429F0: Writing 100000 rows
[11/21/22 14:54:21 I] [/home/nathan/il2_projects/tip/cpp/parquet_context/src/parquet_context.cpp:861] (00) ARINC429F0: Writing 100000 rows
[11/21/22 14:54:21 I] [/home/nathan/il2_projects/tip/cpp/parquet_context/src/parquet_context.cpp:861] (00) ARINC429F0: Writing 100000 rows
[11/21/22 14:54:21 I] [/home/nathan/il2_projects/tip/cpp/parquet_context/src/parquet_context.cpp:861] (00) ARINC429F0: Writing 100000 rows
[11/21/22 14:54:21 I] [/home/nathan/il2_projects/tip/cpp/parquet_context/src/parquet_context.cpp:861] (00) ARINC429F0: Writing 100000 rows
[11/21/22 14:54:22 I] [/home/nathan/il2_projects/tip/cpp/parquet_context/src/parquet_context.cpp:861] (00) ARINC429F0: Writing 100000 rows
[11/21/22 14:54:22 I] [/home/nathan/il2_projects/tip/cpp/parquet_context/src/parquet_context.cpp:861] (00) ARINC429F0: Writing 100000 rows
[11/21/22 14:54:22 I] [/home/nathan/il2_projects/tip/cpp/parquet_context/src/parquet_context.cpp:861] (00) ARINC429F0: Writing 100000 rows
[11/21/22 14:54:22 I] [/home/nathan/il2_projects/tip/cpp/parquet_context/src/parquet_context.cpp:861] (00) ARINC429F0: Writing 100000 rows
[11/21/22 14:54:22 I] [/home/nathan/il2_projects/tip/cpp/parquet_context/src/parquet_context.cpp:861] (00) ARINC429F0: Writing 100000 rows
[11/21/22 14:54:22 I] [/home/nathan/il2_projects/tip/cpp/parquet_context/src/parquet_context.cpp:861] (00) ARINC429F0: Writing 100000 rows
[11/21/22 14:54:22 I] [/home/nathan/il2_projects/tip/cpp/parquet_context/src/parquet_context.cpp:861] (00) ARINC429F0: Writing 100000 rows
[11/21/22 14:54:22 I] [/home/nathan/il2_projects/tip/cpp/parquet_context/src/parquet_context.cpp:861] (00) ARINC429F0: Writing 100000 rows
[11/21/22 14:54:22 I] [/home/nathan/il2_projects/tip/cpp/parquet_context/src/parquet_context.cpp:861] (00) ARINC429F0: Writing 100000 rows
[11/21/22 14:54:22 I] [/home/nathan/il2_projects/tip/cpp/parquet_context/src/parquet_context.cpp:861] (00) ARINC429F0: Writing 100000 rows
[11/21/22 14:54:22 I] [/home/nathan/il2_projects/tip/cpp/parquet_context/src/parquet_context.cpp:861] (00) ARINC429F0: Writing 100000 rows
[11/21/22 14:54:22 I] [/home/nathan/il2_projects/tip/cpp/parquet_context/src/parquet_context.cpp:861] (00) ARINC429F0: Writing 100000 rows
[11/21/22 14:54:23 I] [/home/nathan/il2_projects/tip/cpp/parquet_context/src/parquet_context.cpp:861] (00) ARINC429F0: Writing 100000 rows
[11/21/22 14:54:23 I] [/home/nathan/il2_projects/tip/cpp/parquet_context/src/parquet_context.cpp:861] (00) ARINC429F0: Writing 100000 rows
[11/21/22 14:54:23 I] [/home/nathan/il2_projects/tip/cpp/parquet_context/src/parquet_context.cpp:861] (00) ARINC429F0: Writing 100000 rows
[11/21/22 14:54:23 I] [/home/nathan/il2_projects/tip/cpp/parquet_context/src/parquet_context.cpp:861] (00) ARINC429F0: Writing 100000 rows
[11/21/22 14:54:23 I] [/home/nathan/il2_projects/tip/cpp/parquet_context/src/parquet_context.cpp:861] (00) ARINC429F0: Writing 100000 rows
[11/21/22 14:54:23 I] [/home/nathan/il2_projects/tip/cpp/parquet_context/src/parquet_context.cpp:861] (00) MilStd1553F1: Writing 100000 rows
[11/21/22 14:54:23 I] [/home/nathan/il2_projects/tip/cpp/parquet_context/src/parquet_context.cpp:861] (00) ARINC429F0: Writing 100000 rows
[11/21/22 14:54:24 I] [/home/nathan/il2_projects/tip/cpp/parquet_context/src/parquet_context.cpp:861] (00) ARINC429F0: Writing 100000 rows
[11/21/22 14:54:24 I] [/home/nathan/il2_projects/tip/cpp/parquet_context/src/parquet_context.cpp:861] (00) ARINC429F0: Writing 100000 rows
[11/21/22 14:54:24 I] [/home/nathan/il2_projects/tip/cpp/parquet_context/src/parquet_context.cpp:861] (00) ARINC429F0: Writing 100000 rows
[11/21/22 14:54:24 I] [/home/nathan/il2_projects/tip/cpp/parquet_context/src/parquet_context.cpp:861] (00) ARINC429F0: Writing 100000 rows
[11/21/22 14:54:24 I] [/home/nathan/il2_projects/tip/cpp/parquet_context/src/parquet_context.cpp:861] (00) ARINC429F0: Writing 100000 rows
[11/21/22 14:54:24 I] [/home/nathan/il2_projects/tip/cpp/parquet_context/src/parquet_context.cpp:861] (00) ARINC429F0: Writing 100000 rows
[11/21/22 14:54:24 I] [/home/nathan/il2_projects/tip/cpp/parquet_context/src/parquet_context.cpp:861] (00) ARINC429F0: Writing 100000 rows
[11/21/22 14:54:24 I] [/home/nathan/il2_projects/tip/cpp/parquet_context/src/parquet_context.cpp:861] (00) ARINC429F0: Writing 100000 rows
[11/21/22 14:54:24 I] [/home/nathan/il2_projects/tip/cpp/parquet_context/src/parquet_context.cpp:861] (00) ARINC429F0: Writing 100000 rows
[11/21/22 14:54:24 I] [/home/nathan/il2_projects/tip/cpp/parquet_context/src/parquet_context.cpp:861] (00) ARINC429F0: Writing 100000 rows
[11/21/22 14:54:24 I] [/home/nathan/il2_projects/tip/cpp/parquet_context/src/parquet_context.cpp:861] (00) ARINC429F0: Writing 100000 rows
[11/21/22 14:54:24 I] [/home/nathan/il2_projects/tip/cpp/parquet_context/src/parquet_context.cpp:861] (00) ARINC429F0: Writing 100000 rows
[11/21/22 14:54:24 I] [/home/nathan/il2_projects/tip/cpp/parquet_context/src/parquet_context.cpp:861] (00) ARINC429F0: Writing 100000 rows
[11/21/22 14:54:25 I] [/home/nathan/il2_projects/tip/cpp/parquet_context/src/parquet_context.cpp:861] (00) ARINC429F0: Writing 100000 rows
[11/21/22 14:54:25 I] [/home/nathan/il2_projects/tip/cpp/parquet_context/src/parquet_context.cpp:861] (00) ARINC429F0: Writing 100000 rows
[11/21/22 14:54:25 I] [/home/nathan/il2_projects/tip/cpp/parquet_context/src/parquet_context.cpp:861] (00) ARINC429F0: Writing 100000 rows
[11/21/22 14:54:25 I] [/home/nathan/il2_projects/tip/cpp/parquet_context/src/parquet_context.cpp:861] (00) ARINC429F0: Writing 100000 rows
[11/21/22 14:54:25 I] [/home/nathan/il2_projects/tip/cpp/parquet_context/src/parquet_context.cpp:861] (00) ARINC429F0: Writing 100000 rows
[11/21/22 14:54:25 I] [/home/nathan/il2_projects/tip/cpp/parquet_context/src/parquet_context.cpp:861] (00) ARINC429F0: Writing 100000 rows
[11/21/22 14:54:25 I] [/home/nathan/il2_projects/tip/cpp/parquet_context/src/parquet_context.cpp:861] (00) ARINC429F0: Writing 100000 rows
[11/21/22 14:54:25 I] [/home/nathan/il2_projects/tip/cpp/parquet_context/src/parquet_context.cpp:861] (00) ARINC429F0: Writing 100000 rows
[11/21/22 14:54:25 I] [/home/nathan/il2_projects/tip/cpp/parquet_context/src/parquet_context.cpp:861] (00) ARINC429F0: Writing 100000 rows
[11/21/22 14:54:25 I] [/home/nathan/il2_projects/tip/cpp/parquet_context/src/parquet_context.cpp:861] (00) ARINC429F0: Writing 100000 rows
[11/21/22 14:54:25 I] [/home/nathan/il2_projects/tip/cpp/parquet_context/src/parquet_context.cpp:861] (00) ARINC429F0: Writing 100000 rows
[11/21/22 14:54:26 I] [/home/nathan/il2_projects/tip/cpp/parquet_context/src/parquet_context.cpp:861] (00) ARINC429F0: Writing 100000 rows
[11/21/22 14:54:26 I] [/home/nathan/il2_projects/tip/cpp/parquet_context/src/parquet_context.cpp:861] (00) ARINC429F0: Writing 100000 rows
[11/21/22 14:54:26 I] [/home/nathan/il2_projects/tip/cpp/parquet_context/src/parquet_context.cpp:861] (00) ARINC429F0: Writing 100000 rows
[11/21/22 14:54:26 I] [/home/nathan/il2_projects/tip/cpp/parquet_context/src/parquet_context.cpp:861] (00) ARINC429F0: Writing 100000 rows
[11/21/22 14:54:26 I] [/home/nathan/il2_projects/tip/cpp/parquet_context/src/parquet_context.cpp:861] (00) ARINC429F0: Writing 100000 rows
[11/21/22 14:54:26 I] [/home/nathan/il2_projects/tip/cpp/parquet_context/src/parquet_context.cpp:861] (00) ARINC429F0: Writing 100000 rows
[11/21/22 14:54:26 I] [/home/nathan/il2_projects/tip/cpp/parquet_context/src/parquet_context.cpp:861] (00) ARINC429F0: Writing 100000 rows
[11/21/22 14:54:26 I] [/home/nathan/il2_projects/tip/cpp/parquet_context/src/parquet_context.cpp:861] (00) ARINC429F0: Writing 100000 rows
[11/21/22 14:54:26 I] [/home/nathan/il2_projects/tip/cpp/parquet_context/src/parquet_context.cpp:861] (00) ARINC429F0: Writing 100000 rows
[11/21/22 14:54:26 I] [/home/nathan/il2_projects/tip/cpp/parquet_context/src/parquet_context.cpp:861] (00) ARINC429F0: Writing 100000 rows
[11/21/22 14:54:26 I] [/home/nathan/il2_projects/tip/cpp/parquet_context/src/parquet_context.cpp:861] (00) ARINC429F0: Writing 100000 rows
[11/21/22 14:54:26 I] [/home/nathan/il2_projects/tip/cpp/parquet_context/src/parquet_context.cpp:861] (00) ARINC429F0: Writing 100000 rows
[11/21/22 14:54:27 I] [/home/nathan/il2_projects/tip/cpp/parquet_context/src/parquet_context.cpp:861] (00) ARINC429F0: Writing 100000 rows
[11/21/22 14:54:27 I] [/home/nathan/il2_projects/tip/cpp/parquet_context/src/parquet_context.cpp:861] (00) ARINC429F0: Writing 100000 rows
[11/21/22 14:54:27 I] [/home/nathan/il2_projects/tip/cpp/parquet_context/src/parquet_context.cpp:861] (00) ARINC429F0: Writing 100000 rows
[11/21/22 14:54:27 I] [/home/nathan/il2_projects/tip/cpp/parquet_context/src/parquet_context.cpp:861] (00) ARINC429F0: Writing 100000 rows
[11/21/22 14:54:27 I] [/home/nathan/il2_projects/tip/cpp/parquet_context/src/parquet_context.cpp:861] (00) ARINC429F0: Writing 100000 rows
[11/21/22 14:54:27 I] [/home/nathan/il2_projects/tip/cpp/parquet_context/src/parquet_context.cpp:861] (00) ARINC429F0: Writing 100000 rows
[11/21/22 14:54:27 I] [/home/nathan/il2_projects/tip/cpp/parquet_context/src/parquet_context.cpp:861] (00) ARINC429F0: Writing 100000 rows
[11/21/22 14:54:27 I] [/home/nathan/il2_projects/tip/cpp/parquet_context/src/parquet_context.cpp:861] (00) ARINC429F0: Writing 100000 rows
[11/21/22 14:54:27 D] [/home/nathan/il2_projects/tip/cpp/util/src/binbuff.cpp:93] pos (183069600) + count (60) > 183069659
[11/21/22 14:54:27 D] [/home/nathan/il2_projects/tip/cpp/parse_ch10/src/parse_worker.cpp:43] (00) Closing file writers
[11/21/22 14:54:27 I] [/home/nathan/il2_projects/tip/cpp/parquet_context/src/parquet_context.cpp:80] (00) EthernetF0, Empty file: Zero rows written
[11/21/22 14:54:27 I] [/home/nathan/il2_projects/tip/cpp/parquet_context/src/parquet_context.cpp:85] (00) EthernetF0, Automatic deletion enabled, deleting /home/nathan/shared/SyntheticData_EDDGE/NASA_Data/parsed/652200111111735_ETHERNET_DATA_F0.parquet/000.parquet
[11/21/22 14:54:27 I] [/home/nathan/il2_projects/tip/cpp/parquet_context/src/parquet_context.cpp:934] (00) ARINC429F0, Writing 7060 rows
[11/21/22 14:54:27 D] [/home/nathan/il2_projects/tip/cpp/parquet_context/src/parquet_context.cpp:939] (00) ARINC429F0, 1 row groups
[11/21/22 14:54:27 D] [/home/nathan/il2_projects/tip/cpp/parquet_context/src/parquet_context.cpp:945] (00) ARINC429F0, WriteColumns(count = 7060, offset = 0)
[11/21/22 14:54:27 I] [/home/nathan/il2_projects/tip/cpp/parquet_context/src/parquet_context.cpp:80] (00) VideoDataF0, Empty file: Zero rows written
[11/21/22 14:54:27 I] [/home/nathan/il2_projects/tip/cpp/parquet_context/src/parquet_context.cpp:85] (00) VideoDataF0, Automatic deletion enabled, deleting /home/nathan/shared/SyntheticData_EDDGE/NASA_Data/parsed/652200111111735_VIDEO_DATA_F0.parquet/000.parquet
[11/21/22 14:54:27 I] [/home/nathan/il2_projects/tip/cpp/parquet_context/src/parquet_context.cpp:934] (00) MilStd1553F1, Writing 78697 rows
[11/21/22 14:54:27 D] [/home/nathan/il2_projects/tip/cpp/parquet_context/src/parquet_context.cpp:939] (00) MilStd1553F1, 8 row groups
[11/21/22 14:54:27 D] [/home/nathan/il2_projects/tip/cpp/parquet_context/src/parquet_context.cpp:959] (00) MilStd1553F1, WriteColumns(count = 10000, offset = 0)
[11/21/22 14:54:27 D] [/home/nathan/il2_projects/tip/cpp/parquet_context/src/parquet_context.cpp:959] (00) MilStd1553F1, WriteColumns(count = 10000, offset = 10000)
[11/21/22 14:54:27 D] [/home/nathan/il2_projects/tip/cpp/parquet_context/src/parquet_context.cpp:959] (00) MilStd1553F1, WriteColumns(count = 10000, offset = 20000)
[11/21/22 14:54:27 D] [/home/nathan/il2_projects/tip/cpp/parquet_context/src/parquet_context.cpp:959] (00) MilStd1553F1, WriteColumns(count = 10000, offset = 30000)
[11/21/22 14:54:28 D] [/home/nathan/il2_projects/tip/cpp/parquet_context/src/parquet_context.cpp:959] (00) MilStd1553F1, WriteColumns(count = 10000, offset = 40000)
[11/21/22 14:54:28 D] [/home/nathan/il2_projects/tip/cpp/parquet_context/src/parquet_context.cpp:959] (00) MilStd1553F1, WriteColumns(count = 10000, offset = 50000)
[11/21/22 14:54:28 D] [/home/nathan/il2_projects/tip/cpp/parquet_context/src/parquet_context.cpp:959] (00) MilStd1553F1, WriteColumns(count = 10000, offset = 60000)
[11/21/22 14:54:28 D] [/home/nathan/il2_projects/tip/cpp/parquet_context/src/parquet_context.cpp:945] (00) MilStd1553F1, WriteColumns(count = 8697, offset = 70000)
[11/21/22 14:54:28 I] [/home/nathan/il2_projects/tip/cpp/parse_ch10/src/parse_worker.cpp:47] (00) End of worker's shift
[11/21/22 14:54:28 D] [/home/nathan/il2_projects/tip/cpp/parse_ch10/src/parse_worker.cpp:48] (00) End of shift, absolute position: 183069600
[11/21/22 14:54:28 I] [/home/nathan/il2_projects/tip/cpp/parquet_context/src/parquet_context.cpp:861] (00) TIME_DATA_F1: Writing 1000 rows
[11/21/22 14:54:28 I] [/home/nathan/il2_projects/tip/cpp/parquet_context/src/parquet_context.cpp:861] (00) TIME_DATA_F1: Writing 1000 rows
[11/21/22 14:54:28 I] [/home/nathan/il2_projects/tip/cpp/parquet_context/src/parquet_context.cpp:861] (00) TIME_DATA_F1: Writing 1000 rows
[11/21/22 14:54:28 I] [/home/nathan/il2_projects/tip/cpp/parquet_context/src/parquet_context.cpp:861] (00) TIME_DATA_F1: Writing 1000 rows
[11/21/22 14:54:28 I] [/home/nathan/il2_projects/tip/cpp/parquet_context/src/parquet_context.cpp:861] (00) TIME_DATA_F1: Writing 1000 rows
[11/21/22 14:54:28 I] [/home/nathan/il2_projects/tip/cpp/parquet_context/src/parquet_context.cpp:861] (00) TIME_DATA_F1: Writing 1000 rows
[11/21/22 14:54:28 I] [/home/nathan/il2_projects/tip/cpp/parquet_context/src/parquet_context.cpp:861] (00) TIME_DATA_F1: Writing 1000 rows
[11/21/22 14:54:28 I] [/home/nathan/il2_projects/tip/cpp/parquet_context/src/parquet_context.cpp:934] (00) TIME_DATA_F1, Writing 148 rows
[11/21/22 14:54:28 D] [/home/nathan/il2_projects/tip/cpp/parquet_context/src/parquet_context.cpp:939] (00) TIME_DATA_F1, 1 row groups
[11/21/22 14:54:28 D] [/home/nathan/il2_projects/tip/cpp/parquet_context/src/parquet_context.cpp:945] (00) TIME_DATA_F1, WriteColumns(count = 148, offset = 0)
